<?xml version="1.0" encoding="UTF-8"?>
<!-- Generated by org.testng.reporters.JUnitReportReporter -->
<testsuite hostname="DESKTOP-NG6L080" failures="0" tests="1" name="testcases.Testcase3" time="9.405" errors="0" timestamp="12 Nov 2021 04:26:29 GMT" skipped="0">
  <testcase classname="testcases.Testcase3" name="varifyLogin" time="9.405"/>
</testsuite> <!-- testcases.Testcase3 -->
