<?xml version="1.0" encoding="UTF-8"?>
<!-- Generated by org.testng.reporters.JUnitReportReporter -->
<testsuite hostname="DESKTOP-NG6L080" failures="0" tests="1" name="testcases.Testcase005" time="5.092" errors="0" timestamp="10 Nov 2021 02:55:56 GMT" skipped="0">
  <testcase classname="testcases.Testcase005" name="login" time="5.092"/>
</testsuite> <!-- testcases.Testcase005 -->
