<?xml version="1.0" encoding="UTF-8"?>
<!-- Generated by org.testng.reporters.JUnitReportReporter -->
<testsuite skipped="0" hostname="DESKTOP-NG6L080" name="testcases.Testcase3" tests="1" failures="0" timestamp="12 Nov 2021 21:31:27 GMT" time="12.558" errors="0">
  <testcase name="varifyLogin" time="12.558" classname="testcases.Testcase3"/>
</testsuite> <!-- testcases.Testcase3 -->
